clockWidget/build/outputs/logs/manifest-merger-debug-report.txt
-- Merging decision tree log ---
manifest
ADDED from src\main\AndroidManifest.xml:2:1-65:12
	package
		ADDED from src\main\AndroidManifest.xml:4:5-64
		INJECTED from src\main\AndroidManifest.xml
		INJECTED from src\main\AndroidManifest.xml
	android:versionName
		ADDED from src\main\AndroidManifest.xml:6:5-32
	xmlns:tools
		ADDED from src\main\AndroidManifest.xml:3:5-51
	android:versionCode
		ADDED from src\main\AndroidManifest.xml:5:5-32
		INJECTED from src\main\AndroidManifest.xml
		INJECTED from src\main\AndroidManifest.xml
	xmlns:android
		ADDED from src\main\AndroidManifest.xml:2:11-69
uses-sdk
ADDED from src\main\AndroidManifest.xml:8:5-10:41
MERGED from [ClockWidget:smartExtensionUtils:unspecified] AndroidManifest.xml:5:5-7:40
MERGED from [ClockWidget:smartExtensionAPI:unspecified] AndroidManifest.xml:5:5-7:40
	android:targetSdkVersion
		ADDED from src\main\AndroidManifest.xml:10:9-38
		INJECTED from src\main\AndroidManifest.xml
		INJECTED from src\main\AndroidManifest.xml
	android:minSdkVersion
		ADDED from src\main\AndroidManifest.xml:9:9-34
		INJECTED from src\main\AndroidManifest.xml
		INJECTED from src\main\AndroidManifest.xml
uses-permission#com.sonyericsson.extras.liveware.aef.EXTENSION_PERMISSION
ADDED from src\main\AndroidManifest.xml:12:5-97
	android:name
		ADDED from src\main\AndroidManifest.xml:12:22-94
application
ADDED from src\main\AndroidManifest.xml:14:5-63:19
	android:label
		ADDED from src\main\AndroidManifest.xml:17:9-41
	android:allowBackup
		ADDED from src\main\AndroidManifest.xml:15:9-36
	android:icon
		ADDED from src\main\AndroidManifest.xml:16:9-38
	android:theme
		ADDED from src\main\AndroidManifest.xml:18:9-51
service#com.sonyericsson.extras.liveware.extension.util.TunnelService
ADDED from src\main\AndroidManifest.xml:19:9-23:19
	android:name
		ADDED from src\main\AndroidManifest.xml:19:18-94
intent-filter#com.sonyericsson.extras.liveware.aef.tunnel.action.BIND
ADDED from src\main\AndroidManifest.xml:20:13-22:29
action#com.sonyericsson.extras.liveware.aef.tunnel.action.BIND
ADDED from src\main\AndroidManifest.xml:21:17-98
	android:name
		ADDED from src\main\AndroidManifest.xml:21:25-95
service#com.example.sonymobile.smartextension.clockwidget.ClockWidgetExtensionService
ADDED from src\main\AndroidManifest.xml:24:9-113
	android:name
		ADDED from src\main\AndroidManifest.xml:24:18-110
receiver#com.example.sonymobile.smartextension.clockwidget.ClockWidgetExtensionReceiver
ADDED from src\main\AndroidManifest.xml:26:9-54:20
	android:name
		ADDED from src\main\AndroidManifest.xml:26:19-112
intent-filter#android.intent.action.LOCALE_CHANGED+com.sonyericsson.extras.aef.control.ERROR+com.sonyericsson.extras.aef.control.KEY_EVENT+com.sonyericsson.extras.aef.control.PAUSE+com.sonyericsson.extras.aef.control.RESUME+com.sonyericsson.extras.aef.control.START+com.sonyericsson.extras.aef.control.STOP+com.sonyericsson.extras.aef.control.SWIPE_EVENT+com.sonyericsson.extras.aef.control.TOUCH_EVENT+com.sonyericsson.extras.aef.widget.ONTOUCH+com.sonyericsson.extras.aef.widget.START_REFRESH_IMAGE_REQUEST+com.sonyericsson.extras.aef.widget.STOP_REFRESH_IMAGE_REQUEST+com.sonyericsson.extras.liveware.aef.notification.REFRESH_REQUEST+com.sonyericsson.extras.liveware.aef.notification.VIEW_EVENT_DETAIL+com.sonyericsson.extras.liveware.aef.registration.ACCESSORY_CONNECTION+com.sonyericsson.extras.liveware.aef.registration.EXTENSION_REGISTER_REQUEST+com.sonyericsson.extras.liveware.extension.util.widget.scheduled.refresh
ADDED from src\main\AndroidManifest.xml:27:13-53:29
action#com.sonyericsson.extras.liveware.aef.registration.EXTENSION_REGISTER_REQUEST
ADDED from src\main\AndroidManifest.xml:30:17-119
	android:name
		ADDED from src\main\AndroidManifest.xml:30:25-116
action#com.sonyericsson.extras.liveware.aef.registration.ACCESSORY_CONNECTION
ADDED from src\main\AndroidManifest.xml:31:17-113
	android:name
		ADDED from src\main\AndroidManifest.xml:31:25-110
action#android.intent.action.LOCALE_CHANGED
ADDED from src\main\AndroidManifest.xml:32:17-79
	android:name
		ADDED from src\main\AndroidManifest.xml:32:25-76
action#com.sonyericsson.extras.liveware.aef.notification.VIEW_EVENT_DETAIL
ADDED from src\main\AndroidManifest.xml:35:17-110
	android:name
		ADDED from src\main\AndroidManifest.xml:35:25-107
action#com.sonyericsson.extras.liveware.aef.notification.REFRESH_REQUEST
ADDED from src\main\AndroidManifest.xml:36:17-108
	android:name
		ADDED from src\main\AndroidManifest.xml:36:25-105
action#com.sonyericsson.extras.aef.widget.START_REFRESH_IMAGE_REQUEST
ADDED from src\main\AndroidManifest.xml:39:17-105
	android:name
		ADDED from src\main\AndroidManifest.xml:39:25-102
action#com.sonyericsson.extras.aef.widget.STOP_REFRESH_IMAGE_REQUEST
ADDED from src\main\AndroidManifest.xml:40:17-104
	android:name
		ADDED from src\main\AndroidManifest.xml:40:25-101
action#com.sonyericsson.extras.aef.widget.ONTOUCH
ADDED from src\main\AndroidManifest.xml:41:17-85
	android:name
		ADDED from src\main\AndroidManifest.xml:41:25-82
action#com.sonyericsson.extras.liveware.extension.util.widget.scheduled.refresh
ADDED from src\main\AndroidManifest.xml:42:17-115
	android:name
		ADDED from src\main\AndroidManifest.xml:42:25-112
action#com.sonyericsson.extras.aef.control.START
ADDED from src\main\AndroidManifest.xml:45:17-84
	android:name
		ADDED from src\main\AndroidManifest.xml:45:25-81
action#com.sonyericsson.extras.aef.control.STOP
ADDED from src\main\AndroidManifest.xml:46:17-83
	android:name
		ADDED from src\main\AndroidManifest.xml:46:25-80
action#com.sonyericsson.extras.aef.control.PAUSE
ADDED from src\main\AndroidManifest.xml:47:17-84
	android:name
		ADDED from src\main\AndroidManifest.xml:47:25-81
action#com.sonyericsson.extras.aef.control.RESUME
ADDED from src\main\AndroidManifest.xml:48:17-85
	android:name
		ADDED from src\main\AndroidManifest.xml:48:25-82
action#com.sonyericsson.extras.aef.control.ERROR
ADDED from src\main\AndroidManifest.xml:49:17-84
	android:name
		ADDED from src\main\AndroidManifest.xml:49:25-81
action#com.sonyericsson.extras.aef.control.KEY_EVENT
ADDED from src\main\AndroidManifest.xml:50:17-88
	android:name
		ADDED from src\main\AndroidManifest.xml:50:25-85
action#com.sonyericsson.extras.aef.control.TOUCH_EVENT
ADDED from src\main\AndroidManifest.xml:51:17-90
	android:name
		ADDED from src\main\AndroidManifest.xml:51:25-87
action#com.sonyericsson.extras.aef.control.SWIPE_EVENT
ADDED from src\main\AndroidManifest.xml:52:17-90
	android:name
		ADDED from src\main\AndroidManifest.xml:52:25-87
activity#com.example.sonymobile.smartextension.clockwidget.ClockWidgetPreferenceActivity
ADDED from src\main\AndroidManifest.xml:56:9-62:20
	android:label
		ADDED from src\main\AndroidManifest.xml:58:13-62
	android:name
		ADDED from src\main\AndroidManifest.xml:57:13-57
intent-filter#android.intent.action.MAIN
ADDED from src\main\AndroidManifest.xml:59:13-61:29
action#android.intent.action.MAIN
ADDED from src\main\AndroidManifest.xml:60:17-69
	android:name
		ADDED from src\main\AndroidManifest.xml:60:25-66